  Compiling CUDA source file kernel.cu...
  
  C:\Users\PC\OneDrive\Documents\EDA\Perceptron\Perceptron>"C:\Program Files\NVIDIA GPU Computing Toolkit\CUDA\v12.4\bin\nvcc.exe" -gencode=arch=compute_52,code=\"sm_52,compute_52\" --use-local-env -ccbin "C:\Program Files\Microsoft Visual Studio\2022\Community\VC\Tools\MSVC\14.37.32822\bin\HostX64\x64" -x cu   -I"C:\Program Files\NVIDIA GPU Computing Toolkit\CUDA\v12.4\include" -I"C:\Program Files\NVIDIA GPU Computing Toolkit\CUDA\v12.4\include"  -G   --keep-dir x64\Debug  -maxrregcount=0   --machine 64 --compile -cudart static  -g  -DWIN32 -DWIN64 -D_DEBUG -D_CONSOLE -D_MBCS -Xcompiler "/EHsc /W3 /nologo /Od /FS /Zi /RTC1 /MDd " -Xcompiler "/Fdx64\Debug\vc143.pdb" -o C:\Users\PC\OneDrive\Documents\EDA\Perceptron\Perceptron\x64\Debug\kernel.cu.obj "C:\Users\PC\OneDrive\Documents\EDA\Perceptron\Perceptron\kernel.cu" 
C:\Users\PC\OneDrive\Documents\EDA\Perceptron\Perceptron\kernel.cu(98): warning #780-D: reference is to variable "i" (declared at line 69) -- under old for-init scoping rules it would have been variable "i" (declared at line 91)
                while (u != labels[i]) {
                                   ^
  
  Remark: The warnings can be suppressed with "-diag-suppress <warning-number>"
  
C:\Users\PC\OneDrive\Documents\EDA\Perceptron\Perceptron\kernel.cu(99): warning #780-D: reference is to variable "i" (declared at line 69) -- under old for-init scoping rules it would have been variable "i" (declared at line 91)
                    addKernelPropagation << <1, ((height * width) + 1) >> > (d_input, d_weights, u, labels[i]);
                                                                                                           ^
  
C:\Users\PC\OneDrive\Documents\EDA\Perceptron\Perceptron\kernel.cu(121): warning #780-D: reference is to variable "i" (declared at line 69) -- under old for-init scoping rules it would have been variable "i" (declared at line 91)
                for (int g = i*784, o=0;g <= (i+1)*784; g++,o++) {
                             ^
  
C:\Users\PC\OneDrive\Documents\EDA\Perceptron\Perceptron\kernel.cu(121): warning #780-D: reference is to variable "i" (declared at line 69) -- under old for-init scoping rules it would have been variable "i" (declared at line 91)
                for (int g = i*784, o=0;g <= (i+1)*784; g++,o++) {
                                              ^
  
C:\Users\PC\OneDrive\Documents\EDA\Perceptron\Perceptron\kernel.cu(98): warning #780-D: reference is to variable "i" (declared at line 69) -- under old for-init scoping rules it would have been variable "i" (declared at line 91)
                while (u != labels[i]) {
                                   ^
  
  Remark: The warnings can be suppressed with "-diag-suppress <warning-number>"
  
C:\Users\PC\OneDrive\Documents\EDA\Perceptron\Perceptron\kernel.cu(99): warning #780-D: reference is to variable "i" (declared at line 69) -- under old for-init scoping rules it would have been variable "i" (declared at line 91)
                    addKernelPropagation << <1, ((height * width) + 1) >> > (d_input, d_weights, u, labels[i]);
                                                                                                           ^
  
C:\Users\PC\OneDrive\Documents\EDA\Perceptron\Perceptron\kernel.cu(121): warning #780-D: reference is to variable "i" (declared at line 69) -- under old for-init scoping rules it would have been variable "i" (declared at line 91)
                for (int g = i*784, o=0;g <= (i+1)*784; g++,o++) {
                             ^
  
C:\Users\PC\OneDrive\Documents\EDA\Perceptron\Perceptron\kernel.cu(121): warning #780-D: reference is to variable "i" (declared at line 69) -- under old for-init scoping rules it would have been variable "i" (declared at line 91)
                for (int g = i*784, o=0;g <= (i+1)*784; g++,o++) {
                                              ^
  
  kernel.cu
  tmpxft_0003c82c_00000000-7_kernel.cudafe1.cpp
     Creando biblioteca C:\Users\PC\OneDrive\Documents\EDA\Perceptron\x64\Debug\Perceptron.lib y objeto C:\Users\PC\OneDrive\Documents\EDA\Perceptron\x64\Debug\Perceptron.exp
LINK : warning LNK4098: la biblioteca predeterminada'LIBCMT' entra en conflicto con otras bibliotecas; use la biblioteca /NODEFAULTLIB:biblioteca
  Perceptron.vcxproj -> C:\Users\PC\OneDrive\Documents\EDA\Perceptron\x64\Debug\Perceptron.exe
